生成启动时间为 2018/6/29 20:16:23。
     1>项目“D:\厉害了\图形学\计算161班-申林-图形学实验\种子填充算法填充圆\zhztch.vcxproj”在节点 2 上(build 个目标)。
     1>InitializeBuildStatus:
         正在创建“.\Debug\zhztch.unsuccessfulbuild”，因为已指定“AlwaysCreate”。
       ClCompile:
         所有输出均为最新。
         所有输出均为最新。
       ResourceCompile:
         所有输出均为最新。
       ManifestResourceCompile:
         所有输出均为最新。
       Link:
         所有输出均为最新。
       Manifest:
         C:\Program Files (x86)\Microsoft SDKs\Windows\v7.0A\bin\mt.exe /nologo /verbose /out:".\Debug\zhztch.exe.embed.manifest" /manifest .\Debug\zhztch.exe.intermediate.manifest "d:\Program Files (x86)\VS2010\VC\Include\Manifest\dpiaware.manifest"
         所有输出均为最新。
       FinalizeBuildStatus:
         正在删除文件“.\Debug\zhztch.unsuccessfulbuild”。
         正在对“.\Debug\zhztch.lastbuildstate”执行 Touch 任务。
     1>已完成生成项目“D:\厉害了\图形学\计算161班-申林-图形学实验\种子填充算法填充圆\zhztch.vcxproj”(build 个目标)的操作。

生成成功。

已用时间 00:00:00.29
