生成启动时间为 2018/6/29 20:22:57。
     1>项目“D:\厉害了\图形学\计算161班-申林-图形学实验\Bezier曲线\Bezier\Bezier.vcxproj”在节点 2 上(build 个目标)。
     1>InitializeBuildStatus:
         正在创建“Debug\Bezier.unsuccessfulbuild”，因为已指定“AlwaysCreate”。
       ClCompile:
         d:\Program Files (x86)\VS2010\VC\bin\CL.exe /c /ZI /nologo /W3 /WX- /Od /Oy- /D WIN32 /D _DEBUG /D _CONSOLE /D _UNICODE /D UNICODE /Gm /EHsc /RTC1 /MDd /GS /fp:precise /Zc:wchar_t /Zc:forScope /Yc"StdAfx.h" /Fp"Debug\Bezier.pch" /Fo"Debug\\" /Fd"Debug\vc100.pdb" /Gd /TP /analyze- /errorReport:prompt stdafx.cpp
         stdafx.cpp
         d:\Program Files (x86)\VS2010\VC\bin\CL.exe /c /ZI /nologo /W3 /WX- /Od /Oy- /D WIN32 /D _DEBUG /D _CONSOLE /D _UNICODE /D UNICODE /Gm /EHsc /RTC1 /MDd /GS /fp:precise /Zc:wchar_t /Zc:forScope /Yu"StdAfx.h" /Fp"Debug\Bezier.pch" /Fo"Debug\\" /Fd"Debug\vc100.pdb" /Gd /TP /analyze- /errorReport:prompt Bezier.cpp
         Bezier.cpp
       ManifestResourceCompile:
         C:\Program Files (x86)\Microsoft SDKs\Windows\v7.0A\bin\rc.exe /nologo /fo"Debug\Bezier.exe.embed.manifest.res" Debug\Bezier_manifest.rc 
       Link:
         d:\Program Files (x86)\VS2010\VC\bin\link.exe /ERRORREPORT:PROMPT /OUT:"D:\厉害了\图形学\计算161班-申林-图形学实验\Bezier曲线\Debug\Bezier.exe" /INCREMENTAL /NOLOGO kernel32.lib user32.lib gdi32.lib winspool.lib comdlg32.lib advapi32.lib shell32.lib ole32.lib oleaut32.lib uuid.lib odbc32.lib odbccp32.lib /MANIFEST /ManifestFile:"Debug\Bezier.exe.intermediate.manifest" /MANIFESTUAC:"level='asInvoker' uiAccess='false'" /DEBUG /PDB:"D:\厉害了\图形学\计算161班-申林-图形学实验\Bezier曲线\Debug\Bezier.pdb" /SUBSYSTEM:CONSOLE /TLBID:1 /DYNAMICBASE /NXCOMPAT /IMPLIB:"D:\厉害了\图形学\计算161班-申林-图形学实验\Bezier曲线\Debug\Bezier.lib" /MACHINE:X86 Debug\Bezier.exe.embed.manifest.res
         Debug\Bezier.obj
         Debug\stdafx.obj
       Manifest:
         C:\Program Files (x86)\Microsoft SDKs\Windows\v7.0A\bin\mt.exe /nologo /verbose /out:"Debug\Bezier.exe.embed.manifest" /manifest Debug\Bezier.exe.intermediate.manifest
         所有输出均为最新。
       LinkEmbedManifest:
         所有输出均为最新。
         Bezier.vcxproj -> D:\厉害了\图形学\计算161班-申林-图形学实验\Bezier曲线\Debug\Bezier.exe
       FinalizeBuildStatus:
         正在删除文件“Debug\Bezier.unsuccessfulbuild”。
         正在对“Debug\Bezier.lastbuildstate”执行 Touch 任务。
     1>已完成生成项目“D:\厉害了\图形学\计算161班-申林-图形学实验\Bezier曲线\Bezier\Bezier.vcxproj”(build 个目标)的操作。

生成成功。

已用时间 00:00:02.29
