生成启动时间为 2018/6/29 20:14:32。
     1>项目“D:\厉害了\图形学\计算161班-申林-图形学实验\正方体等轴测\draw\draw.vcxproj”在节点 2 上(build 个目标)。
     1>InitializeBuildStatus:
         正在创建“Debug\draw.unsuccessfulbuild”，因为已指定“AlwaysCreate”。
       ClCompile:
         d:\Program Files (x86)\VS2010\VC\bin\CL.exe /c /ZI /nologo /W3 /WX- /Od /Oy- /D WIN32 /D _DEBUG /D _CONSOLE /D _UNICODE /D UNICODE /Gm /EHsc /RTC1 /MDd /GS /fp:precise /Zc:wchar_t /Zc:forScope /Fo"Debug\\" /Fd"Debug\vc100.pdb" /Gd /TP /analyze- /errorReport:prompt draw.cpp
         draw.cpp
     1>d:\厉害了\图形学\计算161班-申林-图形学实验\正方体等轴测\draw\draw.cpp(51): warning C4244: “参数”: 从“double”转换到“int”，可能丢失数据
     1>d:\厉害了\图形学\计算161班-申林-图形学实验\正方体等轴测\draw\draw.cpp(53): warning C4244: “参数”: 从“double”转换到“int”，可能丢失数据
     1>d:\厉害了\图形学\计算161班-申林-图形学实验\正方体等轴测\draw\draw.cpp(56): warning C4244: “参数”: 从“double”转换到“int”，可能丢失数据
     1>d:\厉害了\图形学\计算161班-申林-图形学实验\正方体等轴测\draw\draw.cpp(57): warning C4244: “参数”: 从“double”转换到“int”，可能丢失数据
     1>d:\厉害了\图形学\计算161班-申林-图形学实验\正方体等轴测\draw\draw.cpp(58): warning C4244: “参数”: 从“double”转换到“int”，可能丢失数据
     1>d:\厉害了\图形学\计算161班-申林-图形学实验\正方体等轴测\draw\draw.cpp(59): warning C4244: “参数”: 从“double”转换到“int”，可能丢失数据
     1>d:\厉害了\图形学\计算161班-申林-图形学实验\正方体等轴测\draw\draw.cpp(60): warning C4244: “参数”: 从“double”转换到“int”，可能丢失数据
     1>d:\厉害了\图形学\计算161班-申林-图形学实验\正方体等轴测\draw\draw.cpp(60): warning C4244: “参数”: 从“double”转换到“int”，可能丢失数据
     1>d:\厉害了\图形学\计算161班-申林-图形学实验\正方体等轴测\draw\draw.cpp(61): warning C4244: “参数”: 从“double”转换到“int”，可能丢失数据
     1>d:\厉害了\图形学\计算161班-申林-图形学实验\正方体等轴测\draw\draw.cpp(61): warning C4244: “参数”: 从“double”转换到“int”，可能丢失数据
     1>d:\厉害了\图形学\计算161班-申林-图形学实验\正方体等轴测\draw\draw.cpp(63): warning C4244: “参数”: 从“double”转换到“int”，可能丢失数据
     1>d:\厉害了\图形学\计算161班-申林-图形学实验\正方体等轴测\draw\draw.cpp(64): warning C4244: “参数”: 从“double”转换到“int”，可能丢失数据
     1>d:\厉害了\图形学\计算161班-申林-图形学实验\正方体等轴测\draw\draw.cpp(67): warning C4996: 'getch': The POSIX name for this item is deprecated. Instead, use the ISO C++ conformant name: _getch. See online help for details.
                 d:\program files (x86)\vs2010\vc\include\conio.h(128) : 参见“getch”的声明
       ManifestResourceCompile:
         C:\Program Files (x86)\Microsoft SDKs\Windows\v7.0A\bin\rc.exe /nologo /fo"Debug\draw.exe.embed.manifest.res" Debug\draw_manifest.rc 
       Link:
         d:\Program Files (x86)\VS2010\VC\bin\link.exe /ERRORREPORT:PROMPT /OUT:"D:\厉害了\图形学\计算161班-申林-图形学实验\正方体等轴测\Debug\draw.exe" /INCREMENTAL /NOLOGO kernel32.lib user32.lib gdi32.lib winspool.lib comdlg32.lib advapi32.lib shell32.lib ole32.lib oleaut32.lib uuid.lib odbc32.lib odbccp32.lib /MANIFEST /ManifestFile:"Debug\draw.exe.intermediate.manifest" /MANIFESTUAC:"level='asInvoker' uiAccess='false'" /DEBUG /PDB:"D:\厉害了\图形学\计算161班-申林-图形学实验\正方体等轴测\Debug\draw.pdb" /SUBSYSTEM:CONSOLE /TLBID:1 /DYNAMICBASE /NXCOMPAT /IMPLIB:"D:\厉害了\图形学\计算161班-申林-图形学实验\正方体等轴测\Debug\draw.lib" /MACHINE:X86 Debug\draw.exe.embed.manifest.res
         Debug\draw.obj
       Manifest:
         C:\Program Files (x86)\Microsoft SDKs\Windows\v7.0A\bin\mt.exe /nologo /verbose /out:"Debug\draw.exe.embed.manifest" /manifest Debug\draw.exe.intermediate.manifest
         所有输出均为最新。
       LinkEmbedManifest:
         所有输出均为最新。
         draw.vcxproj -> D:\厉害了\图形学\计算161班-申林-图形学实验\正方体等轴测\Debug\draw.exe
       FinalizeBuildStatus:
         正在删除文件“Debug\draw.unsuccessfulbuild”。
         正在对“Debug\draw.lastbuildstate”执行 Touch 任务。
     1>已完成生成项目“D:\厉害了\图形学\计算161班-申林-图形学实验\正方体等轴测\draw\draw.vcxproj”(build 个目标)的操作。

生成成功。

已用时间 00:00:03.40
