生成启动时间为 2018/6/29 20:11:16。
     1>项目“D:\厉害了\图形学\计算161班-申林-图形学实验\多边形填充2.0（运行后一直按任意键以观看填充效果）\多边形填充2\多边形填充2.vcxproj”在节点 2 上(build 个目标)。
     1>InitializeBuildStatus:
         正在创建“Debug\多边形填充2.unsuccessfulbuild”，因为已指定“AlwaysCreate”。
       ClCompile:
         d:\Program Files (x86)\VS2010\VC\bin\CL.exe /c /ZI /nologo /W3 /WX- /Od /Oy- /D WIN32 /D _DEBUG /D _CONSOLE /D _UNICODE /D UNICODE /Gm /EHsc /RTC1 /MDd /GS /fp:precise /Zc:wchar_t /Zc:forScope /Yc"StdAfx.h" /Fp"Debug\多边形填充2.pch" /Fo"Debug\\" /Fd"Debug\vc100.pdb" /Gd /TP /analyze- /errorReport:prompt stdafx.cpp
         stdafx.cpp
         d:\Program Files (x86)\VS2010\VC\bin\CL.exe /c /ZI /nologo /W3 /WX- /Od /Oy- /D WIN32 /D _DEBUG /D _CONSOLE /D _UNICODE /D UNICODE /Gm /EHsc /RTC1 /MDd /GS /fp:precise /Zc:wchar_t /Zc:forScope /Yu"StdAfx.h" /Fp"Debug\多边形填充2.pch" /Fo"Debug\\" /Fd"Debug\vc100.pdb" /Gd /TP /analyze- /errorReport:prompt "多边形填充2.cpp"
         多边形填充2.cpp
     1>d:\厉害了\图形学\计算161班-申林-图形学实验\多边形填充2.0（运行后一直按任意键以观看填充效果）\多边形填充2\多边形填充2.cpp(25): warning C4244: “=”: 从“double”转换到“int”，可能丢失数据
     1>d:\厉害了\图形学\计算161班-申林-图形学实验\多边形填充2.0（运行后一直按任意键以观看填充效果）\多边形填充2\多边形填充2.cpp(39): warning C4996: 'scanf': This function or variable may be unsafe. Consider using scanf_s instead. To disable deprecation, use _CRT_SECURE_NO_WARNINGS. See online help for details.
                 d:\program files (x86)\vs2010\vc\include\stdio.h(304) : 参见“scanf”的声明
     1>d:\厉害了\图形学\计算161班-申林-图形学实验\多边形填充2.0（运行后一直按任意键以观看填充效果）\多边形填充2\多边形填充2.cpp(46): warning C4996: 'scanf': This function or variable may be unsafe. Consider using scanf_s instead. To disable deprecation, use _CRT_SECURE_NO_WARNINGS. See online help for details.
                 d:\program files (x86)\vs2010\vc\include\stdio.h(304) : 参见“scanf”的声明
     1>d:\厉害了\图形学\计算161班-申林-图形学实验\多边形填充2.0（运行后一直按任意键以观看填充效果）\多边形填充2\多边形填充2.cpp(54): warning C4244: “=”: 从“float”转换到“int”，可能丢失数据
     1>d:\厉害了\图形学\计算161班-申林-图形学实验\多边形填充2.0（运行后一直按任意键以观看填充效果）\多边形填充2\多边形填充2.cpp(56): warning C4244: “=”: 从“float”转换到“int”，可能丢失数据
     1>d:\厉害了\图形学\计算161班-申林-图形学实验\多边形填充2.0（运行后一直按任意键以观看填充效果）\多边形填充2\多边形填充2.cpp(125): warning C4996: 'getch': The POSIX name for this item is deprecated. Instead, use the ISO C++ conformant name: _getch. See online help for details.
                 d:\program files (x86)\vs2010\vc\include\conio.h(128) : 参见“getch”的声明
       ManifestResourceCompile:
         C:\Program Files (x86)\Microsoft SDKs\Windows\v7.0A\bin\rc.exe /nologo /fo"Debug\多边形填充2.exe.embed.manifest.res" "Debug\多边形填充2_manifest.rc" 
       Link:
         d:\Program Files (x86)\VS2010\VC\bin\link.exe /ERRORREPORT:PROMPT /OUT:"D:\厉害了\图形学\计算161班-申林-图形学实验\多边形填充2.0（运行后一直按任意键以观看填充效果）\Debug\多边形填充2.exe" /INCREMENTAL /NOLOGO kernel32.lib user32.lib gdi32.lib winspool.lib comdlg32.lib advapi32.lib shell32.lib ole32.lib oleaut32.lib uuid.lib odbc32.lib odbccp32.lib /MANIFEST /ManifestFile:"Debug\多边形填充2.exe.intermediate.manifest" /MANIFESTUAC:"level='asInvoker' uiAccess='false'" /DEBUG /PDB:"D:\厉害了\图形学\计算161班-申林-图形学实验\多边形填充2.0（运行后一直按任意键以观看填充效果）\Debug\多边形填充2.pdb" /SUBSYSTEM:CONSOLE /TLBID:1 /DYNAMICBASE /NXCOMPAT /IMPLIB:"D:\厉害了\图形学\计算161班-申林-图形学实验\多边形填充2.0（运行后一直按任意键以观看填充效果）\Debug\多边形填充2.lib" /MACHINE:X86 "Debug\多边形填充2.exe.embed.manifest.res"
         Debug\stdafx.obj
         "Debug\多边形填充2.obj"
       Manifest:
         C:\Program Files (x86)\Microsoft SDKs\Windows\v7.0A\bin\mt.exe /nologo /verbose /out:"Debug\多边形填充2.exe.embed.manifest" /manifest "Debug\多边形填充2.exe.intermediate.manifest"
         所有输出均为最新。
       LinkEmbedManifest:
         所有输出均为最新。
         多边形填充2.vcxproj -> D:\厉害了\图形学\计算161班-申林-图形学实验\多边形填充2.0（运行后一直按任意键以观看填充效果）\Debug\多边形填充2.exe
       FinalizeBuildStatus:
         正在删除文件“Debug\多边形填充2.unsuccessfulbuild”。
         正在对“Debug\多边形填充2.lastbuildstate”执行 Touch 任务。
     1>已完成生成项目“D:\厉害了\图形学\计算161班-申林-图形学实验\多边形填充2.0（运行后一直按任意键以观看填充效果）\多边形填充2\多边形填充2.vcxproj”(build 个目标)的操作。

生成成功。

已用时间 00:00:02.80
