生成启动时间为 2018/6/29 20:23:32。
     1>项目“D:\厉害了\图形学\计算161班-申林-图形学实验\多边形裁剪算法\ComputerGraphics.vcxproj”在节点 2 上(build 个目标)。
     1>InitializeBuildStatus:
         正在创建“.\Debug\ComputerGraphics.unsuccessfulbuild”，因为已指定“AlwaysCreate”。
       ClCompile:
         所有输出均为最新。
         d:\Program Files (x86)\VS2010\VC\bin\CL.exe /c /ZI /nologo /W3 /WX- /Od /Oy- /D WIN32 /D _DEBUG /D _WINDOWS /D _VC80_UPGRADE=0x0600 /D _MBCS /D _AFXDLL /Gm /EHsc /RTC1 /MDd /GS /Gy- /fp:precise /Zc:wchar_t /Zc:forScope /Yu"stdafx.h" /Fp".\Debug\ComputerGraphics.pch" /Fo".\Debug\\" /Fd".\Debug\vc100.pdb" /Gd /TP /analyze- /errorReport:prompt ComputerGraphicsView.cpp
         ComputerGraphicsView.cpp
     1>d:\厉害了\图形学\计算161班-申林-图形学实验\多边形裁剪算法\computergraphicsview.cpp(274): warning C4258: “i”: 忽略 For 循环中的定义；使用封闭范围中的定义
                 d:\厉害了\图形学\计算161班-申林-图形学实验\多边形裁剪算法\computergraphicsview.cpp(263) : 忽略“i”的定义
                 d:\厉害了\图形学\计算161班-申林-图形学实验\多边形裁剪算法\computergraphicsview.cpp(254) : 使用“i”的定义
     1>d:\厉害了\图形学\计算161班-申林-图形学实验\多边形裁剪算法\computergraphicsview.cpp(274): warning C4258: “i”: 忽略 For 循环中的定义；使用封闭范围中的定义
                 d:\厉害了\图形学\计算161班-申林-图形学实验\多边形裁剪算法\computergraphicsview.cpp(263) : 忽略“i”的定义
                 d:\厉害了\图形学\计算161班-申林-图形学实验\多边形裁剪算法\computergraphicsview.cpp(254) : 使用“i”的定义
     1>d:\厉害了\图形学\计算161班-申林-图形学实验\多边形裁剪算法\computergraphicsview.cpp(274): warning C4258: “i”: 忽略 For 循环中的定义；使用封闭范围中的定义
                 d:\厉害了\图形学\计算161班-申林-图形学实验\多边形裁剪算法\computergraphicsview.cpp(263) : 忽略“i”的定义
                 d:\厉害了\图形学\计算161班-申林-图形学实验\多边形裁剪算法\computergraphicsview.cpp(254) : 使用“i”的定义
     1>d:\厉害了\图形学\计算161班-申林-图形学实验\多边形裁剪算法\computergraphicsview.cpp(276): warning C4258: “i”: 忽略 For 循环中的定义；使用封闭范围中的定义
                 d:\厉害了\图形学\计算161班-申林-图形学实验\多边形裁剪算法\computergraphicsview.cpp(263) : 忽略“i”的定义
                 d:\厉害了\图形学\计算161班-申林-图形学实验\多边形裁剪算法\computergraphicsview.cpp(254) : 使用“i”的定义
     1>d:\厉害了\图形学\计算161班-申林-图形学实验\多边形裁剪算法\computergraphicsview.cpp(277): warning C4258: “i”: 忽略 For 循环中的定义；使用封闭范围中的定义
                 d:\厉害了\图形学\计算161班-申林-图形学实验\多边形裁剪算法\computergraphicsview.cpp(263) : 忽略“i”的定义
                 d:\厉害了\图形学\计算161班-申林-图形学实验\多边形裁剪算法\computergraphicsview.cpp(254) : 使用“i”的定义
     1>d:\厉害了\图形学\计算161班-申林-图形学实验\多边形裁剪算法\computergraphicsview.cpp(278): warning C4258: “i”: 忽略 For 循环中的定义；使用封闭范围中的定义
                 d:\厉害了\图形学\计算161班-申林-图形学实验\多边形裁剪算法\computergraphicsview.cpp(263) : 忽略“i”的定义
                 d:\厉害了\图形学\计算161班-申林-图形学实验\多边形裁剪算法\computergraphicsview.cpp(254) : 使用“i”的定义
     1>d:\厉害了\图形学\计算161班-申林-图形学实验\多边形裁剪算法\computergraphicsview.cpp(279): warning C4258: “i”: 忽略 For 循环中的定义；使用封闭范围中的定义
                 d:\厉害了\图形学\计算161班-申林-图形学实验\多边形裁剪算法\computergraphicsview.cpp(263) : 忽略“i”的定义
                 d:\厉害了\图形学\计算161班-申林-图形学实验\多边形裁剪算法\computergraphicsview.cpp(254) : 使用“i”的定义
     1>d:\厉害了\图形学\计算161班-申林-图形学实验\多边形裁剪算法\computergraphicsview.cpp(280): warning C4258: “i”: 忽略 For 循环中的定义；使用封闭范围中的定义
                 d:\厉害了\图形学\计算161班-申林-图形学实验\多边形裁剪算法\computergraphicsview.cpp(263) : 忽略“i”的定义
                 d:\厉害了\图形学\计算161班-申林-图形学实验\多边形裁剪算法\computergraphicsview.cpp(254) : 使用“i”的定义
     1>d:\厉害了\图形学\计算161班-申林-图形学实验\多边形裁剪算法\computergraphicsview.cpp(281): warning C4258: “i”: 忽略 For 循环中的定义；使用封闭范围中的定义
                 d:\厉害了\图形学\计算161班-申林-图形学实验\多边形裁剪算法\computergraphicsview.cpp(263) : 忽略“i”的定义
                 d:\厉害了\图形学\计算161班-申林-图形学实验\多边形裁剪算法\computergraphicsview.cpp(254) : 使用“i”的定义
     1>d:\厉害了\图形学\计算161班-申林-图形学实验\多边形裁剪算法\computergraphicsview.cpp(282): warning C4258: “i”: 忽略 For 循环中的定义；使用封闭范围中的定义
                 d:\厉害了\图形学\计算161班-申林-图形学实验\多边形裁剪算法\computergraphicsview.cpp(263) : 忽略“i”的定义
                 d:\厉害了\图形学\计算161班-申林-图形学实验\多边形裁剪算法\computergraphicsview.cpp(254) : 使用“i”的定义
     1>d:\厉害了\图形学\计算161班-申林-图形学实验\多边形裁剪算法\computergraphicsview.cpp(283): warning C4258: “i”: 忽略 For 循环中的定义；使用封闭范围中的定义
                 d:\厉害了\图形学\计算161班-申林-图形学实验\多边形裁剪算法\computergraphicsview.cpp(263) : 忽略“i”的定义
                 d:\厉害了\图形学\计算161班-申林-图形学实验\多边形裁剪算法\computergraphicsview.cpp(254) : 使用“i”的定义
       ResourceCompile:
         所有输出均为最新。
       ManifestResourceCompile:
         所有输出均为最新。
       Link:
         d:\Program Files (x86)\VS2010\VC\bin\link.exe /ERRORREPORT:PROMPT /OUT:".\Debug\ComputerGraphics.exe" /INCREMENTAL /NOLOGO /MANIFEST /ManifestFile:".\Debug\ComputerGraphics.exe.intermediate.manifest" /MANIFESTUAC:"level='asInvoker' uiAccess='false'" /DEBUG /PDB:"D:\厉害了\图形学\计算161班-申林-图形学实验\多边形裁剪算法\Debug\ComputerGraphics.pdb" /SUBSYSTEM:WINDOWS /TLBID:1 /DYNAMICBASE /NXCOMPAT /IMPLIB:".\Debug\ComputerGraphics.lib" /MACHINE:X86 .\Debug\ComputerGraphics.res
         .\Debug\ComputerGraphics.exe.embed.manifest.res
         .\Debug\ComputerGraphics.obj
         .\Debug\ComputerGraphicsDoc.obj
         .\Debug\ComputerGraphicsView.obj
         .\Debug\Graphics.obj
         .\Debug\MainFrm.obj
         .\Debug\StdAfx.obj
       Manifest:
         C:\Program Files (x86)\Microsoft SDKs\Windows\v7.0A\bin\mt.exe /nologo /verbose /out:".\Debug\ComputerGraphics.exe.embed.manifest" /manifest .\Debug\ComputerGraphics.exe.intermediate.manifest "d:\Program Files (x86)\VS2010\VC\Include\Manifest\dpiaware.manifest"
         所有输出均为最新。
       LinkEmbedManifest:
         所有输出均为最新。
         ComputerGraphics.vcxproj -> D:\厉害了\图形学\计算161班-申林-图形学实验\多边形裁剪算法\.\Debug\ComputerGraphics.exe
       FinalizeBuildStatus:
         正在删除文件“.\Debug\ComputerGraphics.unsuccessfulbuild”。
         正在对“.\Debug\ComputerGraphics.lastbuildstate”执行 Touch 任务。
     1>已完成生成项目“D:\厉害了\图形学\计算161班-申林-图形学实验\多边形裁剪算法\ComputerGraphics.vcxproj”(build 个目标)的操作。

生成成功。

已用时间 00:00:00.98
